  AdaptiveLoopFilter.cpp
  AffineGradientSearch.cpp
  BinaryDecisionTree.cpp
  BitStream.cpp
  Buffer.cpp
  CacheModel.cpp
  ChromaFormat.cpp
  CodingStructure.cpp
  ContextModelling.cpp
  Contexts.cpp
  CrossCompPrediction.cpp
  DepQuant.cpp
  Hash.cpp
  IbcHashMap.cpp
  InterPrediction.cpp
  InterpolationFilter.cpp
  IntraPrediction.cpp
  LoopFilter.cpp
  Mv.cpp
  PicYuvMD5.cpp
  Picture.cpp
  Quant.cpp
  QuantRDOQ.cpp
  RdCost.cpp
  RdCostWeightPrediction.cpp
  Reshape.cpp
  Rom.cpp
  RomTr.cpp
  SEI.cpp
  SampleAdaptiveOffset.cpp
  Slice.cpp
  TrQuant.cpp
  TrQuant_EMT.cpp
  Unit.cpp
  UnitPartitioner.cpp
  UnitTools.cpp
  WeightPrediction.cpp
  dtrace.cpp
  dtrace_blockstatistics.cpp
  CommonDefX86.cpp
  InitX86.cpp
  AdaptiveLoopFilter_sse41.cpp
  AffineGradientSearch_sse41.cpp
  Buffer_sse41.cpp
  InterpolationFilter_sse41.cpp
  RdCost_sse41.cpp
  IbcHashmap_sse42.cpp
  AdaptiveLoopFilter_avx.cpp
  AffineGradientSearch_avx.cpp
  Buffer_avx.cpp
  InterpolationFilter_avx.cpp
  RdCost_avx.cpp
  AdaptiveLoopFilter_avx2.cpp
  AffineGradientSearch_avx2.cpp
  Buffer_avx2.cpp
  InterpolationFilter_avx2.cpp
  RdCost_avx2.cpp
dtrace_blockstatistics.obj : warning LNK4221: This object file does not define any previously undefined public symbols, so it will not be used by any link operation that consumes this library
CacheModel.obj : warning LNK4221: This object file does not define any previously undefined public symbols, so it will not be used by any link operation that consumes this library
BinaryDecisionTree.obj : warning LNK4221: This object file does not define any previously undefined public symbols, so it will not be used by any link operation that consumes this library
  CommonLib.vcxproj -> C:\Users\maklouf\Desktop\second-attempt\VVCSoftware_VTM-master\lib\vs15\msvc-19.13\x86_64\debug\CommonLib.lib
